GROUP,PACKAGE,CLASS,INSTRUCTION_MISSED,INSTRUCTION_COVERED,BRANCH_MISSED,BRANCH_COVERED,LINE_MISSED,LINE_COVERED,COMPLEXITY_MISSED,COMPLEXITY_COVERED,METHOD_MISSED,METHOD_COVERED
my-project,main.java.com.example,Game,305,0,14,0,44,0,19,0,12,0
my-project,main.java.com.example,Worker,38,0,0,0,15,0,7,0,7,0
my-project,main.java.com.example,Board,169,0,20,0,33,0,20,0,10,0
my-project,main.java.com.example,Validator,226,0,58,0,35,0,36,0,7,0
my-project,main.java.com.example,App,167,0,7,0,36,0,8,0,3,0
my-project,main.java.com.example,GameState,186,0,16,0,49,0,21,0,13,0
my-project,main.java.com.example,Grid,40,0,0,0,16,0,8,0,8,0
my-project,main.java.com.example,Player,153,0,22,0,34,0,19,0,8,0
